<?xml version="1.0" encoding="UTF-8"?>
<!-- Generated by org.testng.reporters.JUnitReportReporter -->
<testsuite hostname="NB136268" name="com.leonardo.restaurantFinder.RestaurantFinderApplicationTests" tests="5" failures="0" timestamp="8 Oct 2019 13:22:29 GMT" time="0.195" errors="0">
  <testcase name="getRestaurantByWrongName" time="0.147" classname="com.leonardo.restaurantFinder.RestaurantFinderApplicationTests"/>
  <testcase name="getRestaurantByName" time="0.003" classname="com.leonardo.restaurantFinder.RestaurantFinderApplicationTests"/>
  <testcase name="getAllRestaurants" time="0.004" classname="com.leonardo.restaurantFinder.RestaurantFinderApplicationTests"/>
  <testcase name="updateFavoriteRestaurant" time="0.038" classname="com.leonardo.restaurantFinder.RestaurantFinderApplicationTests"/>
  <testcase name="getRestaurantByNameAndSort" time="0.003" classname="com.leonardo.restaurantFinder.RestaurantFinderApplicationTests"/>
</testsuite> <!-- com.leonardo.restaurantFinder.RestaurantFinderApplicationTests -->
