<?xml version="1.0" encoding="UTF-8"?>
<!-- Generated by org.testng.reporters.JUnitReportReporter -->
<testsuite hostname="NB136268" name="com.leonardo.restaurantFinder.stepDefinition.SearchSushiTest" tests="1" failures="0" timestamp="8 Oct 2019 13:22:29 GMT" time="12.724" errors="0">
  <testcase name="searchSushi" time="12.724" classname="com.leonardo.restaurantFinder.stepDefinition.SearchSushiTest"/>
</testsuite> <!-- com.leonardo.restaurantFinder.stepDefinition.SearchSushiTest -->
