<?xml version="1.0" encoding="UTF-8"?>
<!-- Generated by org.testng.reporters.JUnitReportReporter -->
<testsuite hostname="NB136268" name="com.leonardo.restaurantFinder.RestaurantFinderApplicationTests" tests="5" failures="0" timestamp="7 Oct 2019 03:59:10 GMT" time="0.192" errors="0">
  <testcase name="updateFavoriteRestaurant" time="0.045" classname="com.leonardo.restaurantFinder.RestaurantFinderApplicationTests"/>
  <testcase name="getRestaurantByName" time="0.002" classname="com.leonardo.restaurantFinder.RestaurantFinderApplicationTests"/>
  <testcase name="getRestaurantByWrongName" time="0.138" classname="com.leonardo.restaurantFinder.RestaurantFinderApplicationTests"/>
  <testcase name="getAllRestaurants" time="0.004" classname="com.leonardo.restaurantFinder.RestaurantFinderApplicationTests"/>
  <testcase name="getRestaurantByNameAndSort" time="0.003" classname="com.leonardo.restaurantFinder.RestaurantFinderApplicationTests"/>
</testsuite> <!-- com.leonardo.restaurantFinder.RestaurantFinderApplicationTests -->
